#
# A fatal error has been detected by the Java Runtime Environment:
#
#  EXCEPTION_ACCESS_VIOLATION (0xc0000005) at pc=0x0000000077452b04, pid=6604, tid=1828
#
# JRE version: OpenJDK Runtime Environment (11.0.2+9) (build 11.0.2+9)
# Java VM: OpenJDK 64-Bit Server VM (11.0.2+9, mixed mode, tiered, compressed oops, g1 gc, windows-amd64)
# Problematic frame:
# C  [ntdll.dll+0x32b04]
#
# No core dump will be written. Minidumps are not enabled by default on client versions of Windows
#
# If you would like to submit a bug report, please visit:
#   http://bugreport.java.com/bugreport/crash.jsp
# The crash happened outside the Java Virtual Machine in native code.
# See problematic frame for where to report the bug.
#

---------------  S U M M A R Y ------------

Command Line: -Dfile.encoding=UTF-8 radionoiseplayer.RadioNoisePlayer

Host: Intel(R) Core(TM) i5-3570 CPU @ 3.40GHz, 4 cores, 7G,  Windows 7 , 64 bit Build 7601 (6.1.7601.24499)
Time: Sun Jul 21 19:49:26 2019 Hora de verano romance elapsed time: 44 seconds (0d 0h 0m 44s)

---------------  T H R E A D  ---------------

Current thread (0x000000006510c800):  JavaThread "Thread-4" [_thread_in_native, id=1828, stack(0x00000000658e0000,0x00000000659e0000)]

Stack: [0x00000000658e0000,0x00000000659e0000],  sp=0x00000000659dec60,  free space=1019k
Native frames: (J=compiled Java code, j=interpreted, Vv=VM code, C=native code)
C  [ntdll.dll+0x32b04]
C  [ntdll.dll+0x2d261]
C  [opencv_videoio401.dll+0x200f8]

Java frames: (J=compiled Java code, j=interpreted, Vv=VM code)
j  org.bytedeco.opencv.opencv_videoio.VideoCapture.retrieve(Lorg/bytedeco/opencv/opencv_core/Mat;)Z+0
j  org.bytedeco.javacv.OpenCVFrameGrabber.grab()Lorg/bytedeco/javacv/Frame;+8
j  radionoiseplayer.modules.module_video.run()V+93
v  ~StubRoutines::call_stub

siginfo: EXCEPTION_ACCESS_VIOLATION (0xc0000005), writing address 0x0000000000000024


Register to memory mapping:

RIP=0x0000000077452b04 ntdll.dll
RAX=0x0 is NULL
RBX=0x00000000648c01f8 points into unknown readable memory: 2d 00 33 00 35 00 37 00
RCX=
[error occurred during error reporting (printing register info), id 0xc0000005, EXCEPTION_ACCESS_VIOLATION (0xc0000005) at pc=0x000007fec3ed24b6]

Registers:
RAX=0x0000000000000000, RBX=0x00000000648c01f8, RCX=0x00000000fffffffc, RDX=0x00000000000005f4
RSP=0x00000000659dec60, RBP=0x0000000000000000, RSI=0x00000000000005f4, RDI=0x0000000000000000
R8 =0x00000000659dec18, R9 =0x0000000000000004, R10=0x0000000000000000, R11=0x0000000000000246
R12=0x0000000000000000, R13=0x0000000000000000, R14=0x000007fffff94000, R15=0x0000000000000000
RIP=0x0000000077452b04, EFLAGS=0x0000000000010213

Top of Stack: (sp=0x00000000659dec60)
0x00000000659dec60:   0000000000000000 00000000000005f4
0x00000000659dec70:   0000000000000000 0000000000000000
0x00000000659dec80:   0000000000000000 0000000000000000
0x00000000659dec90:   0000000000000000 000007fefd0210dc
0x00000000659deca0:   0000000000000000 0000000000000000
0x00000000659decb0:   0000000000000000 0000000000000000
0x00000000659decc0:   0000000000000000 ffffffffff676980
0x00000000659decd0:   0000000000000048 0000000000000001
0x00000000659dece0:   000007fed83e26c0 0000000000000000
0x00000000659decf0:   0000000000000004 0000000000000001
0x00000000659ded00:   00000000ff000000 000000007744d261
0x00000000659ded10:   0000000000000000 0000000000000000
0x00000000659ded20:   0000000065708620 00000000648c01f8
0x00000000659ded30:   0000000067e62140 000007fed83900f8
0x00000000659ded40:   00000000659dee00 000007fed83e26c0
0x00000000659ded50:   000007fed83e26c0 00000000000005f4 

Instructions: (pc=0x0000000077452b04)
0x0000000077452ae4:   0f b1 4b 08 0f 85 94 00 00 00 48 8b 03 4c 89 ac
0x0000000077452af4:   24 c0 00 00 00 33 ed 45 33 ed 48 83 f8 ff 74 03
0x0000000077452b04:   ff 40 24 ba 22 17 00 00 48 8d 3d c5 55 0f 00 80
0x0000000077452b14:   3c 25 82 03 fe 7f 00 0f 85 44 ea 04 00 48 83 fe 


Stack slot to memory mapping:
stack at sp + 0 slots: 0x0 is NULL
stack at sp + 1 slots: 0x00000000000005f4 is an unknown value
stack at sp + 2 slots: 0x0 is NULL
stack at sp + 3 slots: 0x0 is NULL
stack at sp + 4 slots: 0x0 is NULL
stack at sp + 5 slots: 0x0 is NULL
stack at sp + 6 slots: 0x0 is NULL
stack at sp + 7 slots: 0x000007fefd0210dc KERNELBASE.dll


---------------  P R O C E S S  ---------------

Threads class SMR info:
_java_thread_list=0x0000000063cf3620, length=14, elements={
0x000000000022d800, 0x00000000620ae000, 0x00000000620b8000, 0x00000000620c0800,
0x00000000620c3800, 0x00000000620c5800, 0x00000000620cf000, 0x00000000620d1000,
0x0000000062e54800, 0x0000000062e5f000, 0x0000000062ea7800, 0x0000000063b79800,
0x000000006466c800, 0x000000006510c800
}

Java Threads: ( => current thread )
  0x000000000022d800 JavaThread "main" [_thread_blocked, id=6332, stack(0x0000000002200000,0x0000000002300000)]
  0x00000000620ae000 JavaThread "Reference Handler" daemon [_thread_blocked, id=6276, stack(0x0000000062380000,0x0000000062480000)]
  0x00000000620b8000 JavaThread "Finalizer" daemon [_thread_in_native, id=420, stack(0x0000000062640000,0x0000000062740000)]
  0x00000000620c0800 JavaThread "Signal Dispatcher" daemon [_thread_blocked, id=5700, stack(0x00000000624b0000,0x00000000625b0000)]
  0x00000000620c3800 JavaThread "Attach Listener" daemon [_thread_blocked, id=9732, stack(0x0000000062780000,0x0000000062880000)]
  0x00000000620c5800 JavaThread "C2 CompilerThread0" daemon [_thread_blocked, id=7092, stack(0x00000000629f0000,0x0000000062af0000)]
  0x00000000620cf000 JavaThread "C1 CompilerThread0" daemon [_thread_blocked, id=2056, stack(0x0000000062b00000,0x0000000062c00000)]
  0x00000000620d1000 JavaThread "Sweeper thread" daemon [_thread_blocked, id=9300, stack(0x0000000062c90000,0x0000000062d90000)]
  0x0000000062e54800 JavaThread "Service Thread" daemon [_thread_blocked, id=9244, stack(0x00000000628e0000,0x00000000629e0000)]
  0x0000000062e5f000 JavaThread "Common-Cleaner" daemon [_thread_blocked, id=2368, stack(0x0000000063520000,0x0000000063620000)]
  0x0000000062ea7800 JavaThread "Thread-0" [_thread_blocked, id=8812, stack(0x0000000063f30000,0x0000000064030000)]
  0x0000000063b79800 JavaThread "JavaCPP Deallocator" daemon [_thread_blocked, id=8588, stack(0x0000000065510000,0x0000000065610000)]
  0x000000006466c800 JavaThread "Java2D Disposer" daemon [_thread_blocked, id=9532, stack(0x0000000067560000,0x0000000067660000)]
=>0x000000006510c800 JavaThread "Thread-4" [_thread_in_native, id=1828, stack(0x00000000658e0000,0x00000000659e0000)]

Other Threads:
  0x0000000062068800 VMThread "VM Thread" [stack: 0x0000000062270000,0x0000000062370000] [id=10128]
  0x0000000062e58800 WatcherThread [stack: 0x00000000632e0000,0x00000000633e0000] [id=9040]
  0x0000000000240800 GCTaskThread "GC Thread#0" [stack: 0x0000000019c00000,0x0000000019d00000] [id=3716]
  0x00000000639ad000 GCTaskThread "GC Thread#1" [stack: 0x00000000640b0000,0x00000000641b0000] [id=7524]
  0x0000000062e16000 GCTaskThread "GC Thread#2" [stack: 0x00000000641f0000,0x00000000642f0000] [id=3724]
  0x0000000063a23800 GCTaskThread "GC Thread#3" [stack: 0x0000000064340000,0x0000000064440000] [id=9680]
  0x0000000000278800 ConcurrentGCThread "G1 Main Marker" [stack: 0x000000001edf0000,0x000000001eef0000] [id=6052]
  0x0000000000279800 ConcurrentGCThread "G1 Conc#0" [stack: 0x000000001ecd0000,0x000000001edd0000] [id=8240]
  0x0000000021393800 ConcurrentGCThread "G1 Refine#0" [stack: 0x0000000021530000,0x0000000021630000] [id=5276]
  0x0000000021395800 ConcurrentGCThread "G1 Young RemSet Sampling" [stack: 0x0000000021670000,0x0000000021770000] [id=5944]

Threads with active compile tasks:

VM state:not at safepoint (normal execution)

VM Mutex/Monitor currently owned by a thread: None

Heap address: 0x0000000081a00000, size: 2022 MB, Compressed Oops mode: 32-bit
Narrow klass base: 0x0000000000000000, Narrow klass shift: 0
Compressed class space size: 1073741824 Address: 0x0000000021770000

Heap:
 garbage-first heap   total 206848K, used 7224K [0x0000000081a00000, 0x0000000100000000)
  region size 1024K, 4 young (4096K), 2 survivors (2048K)
 Metaspace       used 13746K, capacity 13959K, committed 14208K, reserved 1062912K
  class space    used 1265K, capacity 1334K, committed 1408K, reserved 1048576K
Heap Regions: E=young(eden), S=young(survivor), O=old, HS=humongous(starts), HC=humongous(continues), CS=collection set, F=free, A=archive, TAMS=top-at-mark-start (previous, next)
|   0|0x0000000081a00000, 0x0000000081b00000, 0x0000000081b00000|100%| O|  |TAMS 0x0000000081b00000, 0x0000000081a00000| Untracked 
|   1|0x0000000081b00000, 0x0000000081c00000, 0x0000000081c00000|100%| O|  |TAMS 0x0000000081c00000, 0x0000000081b00000| Untracked 
|   2|0x0000000081c00000, 0x0000000081d00000, 0x0000000081d00000|100%| O|  |TAMS 0x0000000081d00000, 0x0000000081c00000| Untracked 
|   3|0x0000000081d00000, 0x0000000081dc8a00, 0x0000000081e00000| 78%| O|  |TAMS 0x0000000081dc8a00, 0x0000000081d00000| Untracked 
|   4|0x0000000081e00000, 0x0000000081f00000, 0x0000000081f00000|100%|HS|  |TAMS 0x0000000081e00000, 0x0000000081e00000| Complete 
|   5|0x0000000081f00000, 0x0000000081f00000, 0x0000000082000000|  0%| F|  |TAMS 0x0000000081f00000, 0x0000000081f00000| Untracked 
|   6|0x0000000082000000, 0x0000000082000000, 0x0000000082100000|  0%| F|  |TAMS 0x0000000082000000, 0x0000000082000000| Untracked 
|   7|0x0000000082100000, 0x0000000082100000, 0x0000000082200000|  0%| F|  |TAMS 0x0000000082100000, 0x0000000082100000| Untracked 
|   8|0x0000000082200000, 0x0000000082200000, 0x0000000082300000|  0%| F|  |TAMS 0x0000000082200000, 0x0000000082200000| Untracked 
|   9|0x0000000082300000, 0x0000000082300000, 0x0000000082400000|  0%| F|  |TAMS 0x0000000082300000, 0x0000000082300000| Untracked 
|  10|0x0000000082400000, 0x0000000082400000, 0x0000000082500000|  0%| F|  |TAMS 0x0000000082400000, 0x0000000082400000| Untracked 
|  11|0x0000000082500000, 0x0000000082500000, 0x0000000082600000|  0%| F|  |TAMS 0x0000000082500000, 0x0000000082500000| Untracked 
|  12|0x0000000082600000, 0x0000000082600000, 0x0000000082700000|  0%| F|  |TAMS 0x0000000082600000, 0x0000000082600000| Untracked 
|  13|0x0000000082700000, 0x0000000082700000, 0x0000000082800000|  0%| F|  |TAMS 0x0000000082700000, 0x0000000082700000| Untracked 
|  14|0x0000000082800000, 0x0000000082800000, 0x0000000082900000|  0%| F|  |TAMS 0x0000000082800000, 0x0000000082800000| Untracked 
|  15|0x0000000082900000, 0x0000000082900000, 0x0000000082a00000|  0%| F|  |TAMS 0x0000000082900000, 0x0000000082900000| Untracked 
|  16|0x0000000082a00000, 0x0000000082a00000, 0x0000000082b00000|  0%| F|  |TAMS 0x0000000082a00000, 0x0000000082a00000| Untracked 
|  17|0x0000000082b00000, 0x0000000082b00000, 0x0000000082c00000|  0%| F|  |TAMS 0x0000000082b00000, 0x0000000082b00000| Untracked 
|  18|0x0000000082c00000, 0x0000000082c00000, 0x0000000082d00000|  0%| F|  |TAMS 0x0000000082c00000, 0x0000000082c00000| Untracked 
|  19|0x0000000082d00000, 0x0000000082d00000, 0x0000000082e00000|  0%| F|  |TAMS 0x0000000082d00000, 0x0000000082d00000| Untracked 
|  20|0x0000000082e00000, 0x0000000082e00000, 0x0000000082f00000|  0%| F|  |TAMS 0x0000000082e00000, 0x0000000082e00000| Untracked 
|  21|0x0000000082f00000, 0x0000000082f00000, 0x0000000083000000|  0%| F|  |TAMS 0x0000000082f00000, 0x0000000082f00000| Untracked 
|  22|0x0000000083000000, 0x0000000083000000, 0x0000000083100000|  0%| F|  |TAMS 0x0000000083000000, 0x0000000083000000| Untracked 
|  23|0x0000000083100000, 0x0000000083100000, 0x0000000083200000|  0%| F|  |TAMS 0x0000000083100000, 0x0000000083100000| Untracked 
|  24|0x0000000083200000, 0x0000000083200000, 0x0000000083300000|  0%| F|  |TAMS 0x0000000083200000, 0x0000000083200000| Untracked 
|  25|0x0000000083300000, 0x0000000083300000, 0x0000000083400000|  0%| F|  |TAMS 0x0000000083300000, 0x0000000083300000| Untracked 
|  26|0x0000000083400000, 0x0000000083400000, 0x0000000083500000|  0%| F|  |TAMS 0x0000000083400000, 0x0000000083400000| Untracked 
|  27|0x0000000083500000, 0x0000000083500000, 0x0000000083600000|  0%| F|  |TAMS 0x0000000083500000, 0x0000000083500000| Untracked 
|  28|0x0000000083600000, 0x0000000083600000, 0x0000000083700000|  0%| F|  |TAMS 0x0000000083600000, 0x0000000083600000| Untracked 
|  29|0x0000000083700000, 0x0000000083700000, 0x0000000083800000|  0%| F|  |TAMS 0x0000000083700000, 0x0000000083700000| Untracked 
|  30|0x0000000083800000, 0x0000000083800000, 0x0000000083900000|  0%| F|  |TAMS 0x0000000083800000, 0x0000000083800000| Untracked 
|  31|0x0000000083900000, 0x0000000083900000, 0x0000000083a00000|  0%| F|  |TAMS 0x0000000083900000, 0x0000000083900000| Untracked 
|  32|0x0000000083a00000, 0x0000000083a00000, 0x0000000083b00000|  0%| F|  |TAMS 0x0000000083a00000, 0x0000000083a00000| Untracked 
|  33|0x0000000083b00000, 0x0000000083b00000, 0x0000000083c00000|  0%| F|  |TAMS 0x0000000083b00000, 0x0000000083b00000| Untracked 
|  34|0x0000000083c00000, 0x0000000083c00000, 0x0000000083d00000|  0%| F|  |TAMS 0x0000000083c00000, 0x0000000083c00000| Untracked 
|  35|0x0000000083d00000, 0x0000000083d00000, 0x0000000083e00000|  0%| F|  |TAMS 0x0000000083d00000, 0x0000000083d00000| Untracked 
|  36|0x0000000083e00000, 0x0000000083e00000, 0x0000000083f00000|  0%| F|  |TAMS 0x0000000083e00000, 0x0000000083e00000| Untracked 
|  37|0x0000000083f00000, 0x0000000083f00000, 0x0000000084000000|  0%| F|  |TAMS 0x0000000083f00000, 0x0000000083f00000| Untracked 
|  38|0x0000000084000000, 0x0000000084000000, 0x0000000084100000|  0%| F|  |TAMS 0x0000000084000000, 0x0000000084000000| Untracked 
|  39|0x0000000084100000, 0x0000000084100000, 0x0000000084200000|  0%| F|  |TAMS 0x0000000084100000, 0x0000000084100000| Untracked 
|  40|0x0000000084200000, 0x0000000084200000, 0x0000000084300000|  0%| F|  |TAMS 0x0000000084200000, 0x0000000084200000| Untracked 
|  41|0x0000000084300000, 0x0000000084300000, 0x0000000084400000|  0%| F|  |TAMS 0x0000000084300000, 0x0000000084300000| Untracked 
|  42|0x0000000084400000, 0x0000000084400000, 0x0000000084500000|  0%| F|  |TAMS 0x0000000084400000, 0x0000000084400000| Untracked 
|  43|0x0000000084500000, 0x0000000084500000, 0x0000000084600000|  0%| F|  |TAMS 0x0000000084500000, 0x0000000084500000| Untracked 
|  44|0x0000000084600000, 0x0000000084600000, 0x0000000084700000|  0%| F|  |TAMS 0x0000000084600000, 0x0000000084600000| Untracked 
|  45|0x0000000084700000, 0x0000000084700000, 0x0000000084800000|  0%| F|  |TAMS 0x0000000084700000, 0x0000000084700000| Untracked 
|  46|0x0000000084800000, 0x0000000084800000, 0x0000000084900000|  0%| F|  |TAMS 0x0000000084800000, 0x0000000084800000| Untracked 
|  47|0x0000000084900000, 0x0000000084900000, 0x0000000084a00000|  0%| F|  |TAMS 0x0000000084900000, 0x0000000084900000| Untracked 
|  48|0x0000000084a00000, 0x0000000084a00000, 0x0000000084b00000|  0%| F|  |TAMS 0x0000000084a00000, 0x0000000084a00000| Untracked 
|  49|0x0000000084b00000, 0x0000000084b00000, 0x0000000084c00000|  0%| F|  |TAMS 0x0000000084b00000, 0x0000000084b00000| Untracked 
|  50|0x0000000084c00000, 0x0000000084c00000, 0x0000000084d00000|  0%| F|  |TAMS 0x0000000084c00000, 0x0000000084c00000| Untracked 
|  51|0x0000000084d00000, 0x0000000084d00000, 0x0000000084e00000|  0%| F|  |TAMS 0x0000000084d00000, 0x0000000084d00000| Untracked 
|  52|0x0000000084e00000, 0x0000000084e00000, 0x0000000084f00000|  0%| F|  |TAMS 0x0000000084e00000, 0x0000000084e00000| Untracked 
|  53|0x0000000084f00000, 0x0000000084f00000, 0x0000000085000000|  0%| F|  |TAMS 0x0000000084f00000, 0x0000000084f00000| Untracked 
|  54|0x0000000085000000, 0x0000000085000000, 0x0000000085100000|  0%| F|  |TAMS 0x0000000085000000, 0x0000000085000000| Untracked 
|  55|0x0000000085100000, 0x0000000085100000, 0x0000000085200000|  0%| F|  |TAMS 0x0000000085100000, 0x0000000085100000| Untracked 
|  56|0x0000000085200000, 0x0000000085200000, 0x0000000085300000|  0%| F|  |TAMS 0x0000000085200000, 0x0000000085200000| Untracked 
|  57|0x0000000085300000, 0x0000000085300000, 0x0000000085400000|  0%| F|  |TAMS 0x0000000085300000, 0x0000000085300000| Untracked 
|  58|0x0000000085400000, 0x0000000085400000, 0x0000000085500000|  0%| F|  |TAMS 0x0000000085400000, 0x0000000085400000| Untracked 
|  59|0x0000000085500000, 0x0000000085500000, 0x0000000085600000|  0%| F|  |TAMS 0x0000000085500000, 0x0000000085500000| Untracked 
|  60|0x0000000085600000, 0x0000000085600000, 0x0000000085700000|  0%| F|  |TAMS 0x0000000085600000, 0x0000000085600000| Untracked 
|  61|0x0000000085700000, 0x0000000085700000, 0x0000000085800000|  0%| F|  |TAMS 0x0000000085700000, 0x0000000085700000| Untracked 
|  62|0x0000000085800000, 0x0000000085800000, 0x0000000085900000|  0%| F|  |TAMS 0x0000000085800000, 0x0000000085800000| Untracked 
|  63|0x0000000085900000, 0x0000000085900000, 0x0000000085a00000|  0%| F|  |TAMS 0x0000000085900000, 0x0000000085900000| Untracked 
|  64|0x0000000085a00000, 0x0000000085a00000, 0x0000000085b00000|  0%| F|  |TAMS 0x0000000085a00000, 0x0000000085a00000| Untracked 
|  65|0x0000000085b00000, 0x0000000085b00000, 0x0000000085c00000|  0%| F|  |TAMS 0x0000000085b00000, 0x0000000085b00000| Untracked 
|  66|0x0000000085c00000, 0x0000000085c00000, 0x0000000085d00000|  0%| F|  |TAMS 0x0000000085c00000, 0x0000000085c00000| Untracked 
|  67|0x0000000085d00000, 0x0000000085d00000, 0x0000000085e00000|  0%| F|  |TAMS 0x0000000085d00000, 0x0000000085d00000| Untracked 
|  68|0x0000000085e00000, 0x0000000085e00000, 0x0000000085f00000|  0%| F|  |TAMS 0x0000000085e00000, 0x0000000085e00000| Untracked 
|  69|0x0000000085f00000, 0x0000000085f00000, 0x0000000086000000|  0%| F|  |TAMS 0x0000000085f00000, 0x0000000085f00000| Untracked 
|  70|0x0000000086000000, 0x0000000086000000, 0x0000000086100000|  0%| F|  |TAMS 0x0000000086000000, 0x0000000086000000| Untracked 
|  71|0x0000000086100000, 0x0000000086100000, 0x0000000086200000|  0%| F|  |TAMS 0x0000000086100000, 0x0000000086100000| Untracked 
|  72|0x0000000086200000, 0x0000000086200000, 0x0000000086300000|  0%| F|  |TAMS 0x0000000086200000, 0x0000000086200000| Untracked 
|  73|0x0000000086300000, 0x0000000086300000, 0x0000000086400000|  0%| F|  |TAMS 0x0000000086300000, 0x0000000086300000| Untracked 
|  74|0x0000000086400000, 0x0000000086400000, 0x0000000086500000|  0%| F|  |TAMS 0x0000000086400000, 0x0000000086400000| Untracked 
|  75|0x0000000086500000, 0x0000000086500000, 0x0000000086600000|  0%| F|  |TAMS 0x0000000086500000, 0x0000000086500000| Untracked 
|  76|0x0000000086600000, 0x0000000086600000, 0x0000000086700000|  0%| F|  |TAMS 0x0000000086600000, 0x0000000086600000| Untracked 
|  77|0x0000000086700000, 0x0000000086700000, 0x0000000086800000|  0%| F|  |TAMS 0x0000000086700000, 0x0000000086700000| Untracked 
|  78|0x0000000086800000, 0x0000000086800000, 0x0000000086900000|  0%| F|  |TAMS 0x0000000086800000, 0x0000000086800000| Untracked 
|  79|0x0000000086900000, 0x0000000086900000, 0x0000000086a00000|  0%| F|  |TAMS 0x0000000086900000, 0x0000000086900000| Untracked 
|  80|0x0000000086a00000, 0x0000000086a00000, 0x0000000086b00000|  0%| F|  |TAMS 0x0000000086a00000, 0x0000000086a00000| Untracked 
|  81|0x0000000086b00000, 0x0000000086b00000, 0x0000000086c00000|  0%| F|  |TAMS 0x0000000086b00000, 0x0000000086b00000| Untracked 
|  82|0x0000000086c00000, 0x0000000086c00000, 0x0000000086d00000|  0%| F|  |TAMS 0x0000000086c00000, 0x0000000086c00000| Untracked 
|  83|0x0000000086d00000, 0x0000000086d00000, 0x0000000086e00000|  0%| F|  |TAMS 0x0000000086d00000, 0x0000000086d00000| Untracked 
|  84|0x0000000086e00000, 0x0000000086e00000, 0x0000000086f00000|  0%| F|  |TAMS 0x0000000086e00000, 0x0000000086e00000| Untracked 
|  85|0x0000000086f00000, 0x0000000086f00000, 0x0000000087000000|  0%| F|  |TAMS 0x0000000086f00000, 0x0000000086f00000| Untracked 
|  86|0x0000000087000000, 0x0000000087000000, 0x0000000087100000|  0%| F|  |TAMS 0x0000000087000000, 0x0000000087000000| Untracked 
|  87|0x0000000087100000, 0x0000000087100000, 0x0000000087200000|  0%| F|  |TAMS 0x0000000087100000, 0x0000000087100000| Untracked 
|  88|0x0000000087200000, 0x0000000087200000, 0x0000000087300000|  0%| F|  |TAMS 0x0000000087200000, 0x0000000087200000| Untracked 
|  89|0x0000000087300000, 0x0000000087300000, 0x0000000087400000|  0%| F|  |TAMS 0x0000000087300000, 0x0000000087300000| Untracked 
|  90|0x0000000087400000, 0x0000000087400000, 0x0000000087500000|  0%| F|  |TAMS 0x0000000087400000, 0x0000000087400000| Untracked 
|  91|0x0000000087500000, 0x0000000087500000, 0x0000000087600000|  0%| F|  |TAMS 0x0000000087500000, 0x0000000087500000| Untracked 
|  92|0x0000000087600000, 0x0000000087600000, 0x0000000087700000|  0%| F|  |TAMS 0x0000000087600000, 0x0000000087600000| Untracked 
|  93|0x0000000087700000, 0x0000000087700000, 0x0000000087800000|  0%| F|  |TAMS 0x0000000087700000, 0x0000000087700000| Untracked 
|  94|0x0000000087800000, 0x00000000878459a8, 0x0000000087900000| 27%| S|CS|TAMS 0x0000000087800000, 0x0000000087800000| Complete 
|  95|0x0000000087900000, 0x0000000087a00000, 0x0000000087a00000|100%| S|CS|TAMS 0x0000000087900000, 0x0000000087900000| Complete 
|  96|0x0000000087a00000, 0x0000000087a00000, 0x0000000087b00000|  0%| F|  |TAMS 0x0000000087a00000, 0x0000000087a00000| Untracked 
|  97|0x0000000087b00000, 0x0000000087b00000, 0x0000000087c00000|  0%| F|  |TAMS 0x0000000087b00000, 0x0000000087b00000| Untracked 
|  98|0x0000000087c00000, 0x0000000087c00000, 0x0000000087d00000|  0%| F|  |TAMS 0x0000000087c00000, 0x0000000087c00000| Untracked 
|  99|0x0000000087d00000, 0x0000000087d00000, 0x0000000087e00000|  0%| F|  |TAMS 0x0000000087d00000, 0x0000000087d00000| Untracked 
| 100|0x0000000087e00000, 0x0000000087e00000, 0x0000000087f00000|  0%| F|  |TAMS 0x0000000087e00000, 0x0000000087e00000| Untracked 
| 101|0x0000000087f00000, 0x0000000087f00000, 0x0000000088000000|  0%| F|  |TAMS 0x0000000087f00000, 0x0000000087f00000| Untracked 
| 102|0x0000000088000000, 0x0000000088000000, 0x0000000088100000|  0%| F|  |TAMS 0x0000000088000000, 0x0000000088000000| Untracked 
| 103|0x0000000088100000, 0x0000000088100000, 0x0000000088200000|  0%| F|  |TAMS 0x0000000088100000, 0x0000000088100000| Untracked 
| 104|0x0000000088200000, 0x0000000088200000, 0x0000000088300000|  0%| F|  |TAMS 0x0000000088200000, 0x0000000088200000| Untracked 
| 105|0x0000000088300000, 0x0000000088300000, 0x0000000088400000|  0%| F|  |TAMS 0x0000000088300000, 0x0000000088300000| Untracked 
| 106|0x0000000088400000, 0x0000000088400000, 0x0000000088500000|  0%| F|  |TAMS 0x0000000088400000, 0x0000000088400000| Untracked 
| 107|0x0000000088500000, 0x0000000088500000, 0x0000000088600000|  0%| F|  |TAMS 0x0000000088500000, 0x0000000088500000| Untracked 
| 108|0x0000000088600000, 0x0000000088600000, 0x0000000088700000|  0%| F|  |TAMS 0x0000000088600000, 0x0000000088600000| Untracked 
| 109|0x0000000088700000, 0x0000000088700000, 0x0000000088800000|  0%| F|  |TAMS 0x0000000088700000, 0x0000000088700000| Untracked 
| 110|0x0000000088800000, 0x0000000088800000, 0x0000000088900000|  0%| F|  |TAMS 0x0000000088800000, 0x0000000088800000| Untracked 
| 111|0x0000000088900000, 0x0000000088900000, 0x0000000088a00000|  0%| F|  |TAMS 0x0000000088900000, 0x0000000088900000| Untracked 
| 112|0x0000000088a00000, 0x0000000088a00000, 0x0000000088b00000|  0%| F|  |TAMS 0x0000000088a00000, 0x0000000088a00000| Untracked 
| 113|0x0000000088b00000, 0x0000000088b00000, 0x0000000088c00000|  0%| F|  |TAMS 0x0000000088b00000, 0x0000000088b00000| Untracked 
| 114|0x0000000088c00000, 0x0000000088c00000, 0x0000000088d00000|  0%| F|  |TAMS 0x0000000088c00000, 0x0000000088c00000| Untracked 
| 115|0x0000000088d00000, 0x0000000088d00000, 0x0000000088e00000|  0%| F|  |TAMS 0x0000000088d00000, 0x0000000088d00000| Untracked 
| 116|0x0000000088e00000, 0x0000000088e00000, 0x0000000088f00000|  0%| F|  |TAMS 0x0000000088e00000, 0x0000000088e00000| Untracked 
| 117|0x0000000088f00000, 0x0000000088f00000, 0x0000000089000000|  0%| F|  |TAMS 0x0000000088f00000, 0x0000000088f00000| Untracked 
| 118|0x0000000089000000, 0x0000000089000000, 0x0000000089100000|  0%| F|  |TAMS 0x0000000089000000, 0x0000000089000000| Untracked 
| 119|0x0000000089100000, 0x0000000089100000, 0x0000000089200000|  0%| F|  |TAMS 0x0000000089100000, 0x0000000089100000| Untracked 
| 120|0x0000000089200000, 0x0000000089200000, 0x0000000089300000|  0%| F|  |TAMS 0x0000000089200000, 0x0000000089200000| Untracked 
| 121|0x0000000089300000, 0x0000000089300000, 0x0000000089400000|  0%| F|  |TAMS 0x0000000089300000, 0x0000000089300000| Untracked 
| 122|0x0000000089400000, 0x0000000089400000, 0x0000000089500000|  0%| F|  |TAMS 0x0000000089400000, 0x0000000089400000| Untracked 
| 123|0x0000000089500000, 0x0000000089500000, 0x0000000089600000|  0%| F|  |TAMS 0x0000000089500000, 0x0000000089500000| Untracked 
| 124|0x0000000089600000, 0x0000000089600000, 0x0000000089700000|  0%| F|  |TAMS 0x0000000089600000, 0x0000000089600000| Untracked 
| 125|0x0000000089700000, 0x0000000089700000, 0x0000000089800000|  0%| F|  |TAMS 0x0000000089700000, 0x0000000089700000| Untracked 
| 126|0x0000000089800000, 0x0000000089800000, 0x0000000089900000|  0%| F|  |TAMS 0x0000000089800000, 0x0000000089800000| Untracked 
| 127|0x0000000089900000, 0x0000000089900000, 0x0000000089a00000|  0%| F|  |TAMS 0x0000000089900000, 0x0000000089900000| Untracked 
| 128|0x0000000089a00000, 0x0000000089a00000, 0x0000000089b00000|  0%| F|  |TAMS 0x0000000089a00000, 0x0000000089a00000| Untracked 
| 129|0x0000000089b00000, 0x0000000089b00000, 0x0000000089c00000|  0%| F|  |TAMS 0x0000000089b00000, 0x0000000089b00000| Untracked 
| 130|0x0000000089c00000, 0x0000000089c00000, 0x0000000089d00000|  0%| F|  |TAMS 0x0000000089c00000, 0x0000000089c00000| Untracked 
| 131|0x0000000089d00000, 0x0000000089d00000, 0x0000000089e00000|  0%| F|  |TAMS 0x0000000089d00000, 0x0000000089d00000| Untracked 
| 132|0x0000000089e00000, 0x0000000089e00000, 0x0000000089f00000|  0%| F|  |TAMS 0x0000000089e00000, 0x0000000089e00000| Untracked 
| 133|0x0000000089f00000, 0x0000000089f00000, 0x000000008a000000|  0%| F|  |TAMS 0x0000000089f00000, 0x0000000089f00000| Untracked 
| 134|0x000000008a000000, 0x000000008a000000, 0x000000008a100000|  0%| F|  |TAMS 0x000000008a000000, 0x000000008a000000| Untracked 
| 135|0x000000008a100000, 0x000000008a100000, 0x000000008a200000|  0%| F|  |TAMS 0x000000008a100000, 0x000000008a100000| Untracked 
| 136|0x000000008a200000, 0x000000008a200000, 0x000000008a300000|  0%| F|  |TAMS 0x000000008a200000, 0x000000008a200000| Untracked 
| 137|0x000000008a300000, 0x000000008a300000, 0x000000008a400000|  0%| F|  |TAMS 0x000000008a300000, 0x000000008a300000| Untracked 
| 138|0x000000008a400000, 0x000000008a400000, 0x000000008a500000|  0%| F|  |TAMS 0x000000008a400000, 0x000000008a400000| Untracked 
| 139|0x000000008a500000, 0x000000008a500000, 0x000000008a600000|  0%| F|  |TAMS 0x000000008a500000, 0x000000008a500000| Untracked 
| 140|0x000000008a600000, 0x000000008a600000, 0x000000008a700000|  0%| F|  |TAMS 0x000000008a600000, 0x000000008a600000| Untracked 
| 141|0x000000008a700000, 0x000000008a700000, 0x000000008a800000|  0%| F|  |TAMS 0x000000008a700000, 0x000000008a700000| Untracked 
| 142|0x000000008a800000, 0x000000008a800000, 0x000000008a900000|  0%| F|  |TAMS 0x000000008a800000, 0x000000008a800000| Untracked 
| 143|0x000000008a900000, 0x000000008a900000, 0x000000008aa00000|  0%| F|  |TAMS 0x000000008a900000, 0x000000008a900000| Untracked 
| 144|0x000000008aa00000, 0x000000008aa00000, 0x000000008ab00000|  0%| F|  |TAMS 0x000000008aa00000, 0x000000008aa00000| Untracked 
| 145|0x000000008ab00000, 0x000000008ab00000, 0x000000008ac00000|  0%| F|  |TAMS 0x000000008ab00000, 0x000000008ab00000| Untracked 
| 146|0x000000008ac00000, 0x000000008ac00000, 0x000000008ad00000|  0%| F|  |TAMS 0x000000008ac00000, 0x000000008ac00000| Untracked 
| 147|0x000000008ad00000, 0x000000008ad00000, 0x000000008ae00000|  0%| F|  |TAMS 0x000000008ad00000, 0x000000008ad00000| Untracked 
| 148|0x000000008ae00000, 0x000000008ae00000, 0x000000008af00000|  0%| F|  |TAMS 0x000000008ae00000, 0x000000008ae00000| Untracked 
| 149|0x000000008af00000, 0x000000008af00000, 0x000000008b000000|  0%| F|  |TAMS 0x000000008af00000, 0x000000008af00000| Untracked 
| 150|0x000000008b000000, 0x000000008b000000, 0x000000008b100000|  0%| F|  |TAMS 0x000000008b000000, 0x000000008b000000| Untracked 
| 151|0x000000008b100000, 0x000000008b100000, 0x000000008b200000|  0%| F|  |TAMS 0x000000008b100000, 0x000000008b100000| Untracked 
| 152|0x000000008b200000, 0x000000008b200000, 0x000000008b300000|  0%| F|  |TAMS 0x000000008b200000, 0x000000008b200000| Untracked 
| 153|0x000000008b300000, 0x000000008b300000, 0x000000008b400000|  0%| F|  |TAMS 0x000000008b300000, 0x000000008b300000| Untracked 
| 154|0x000000008b400000, 0x000000008b400000, 0x000000008b500000|  0%| F|  |TAMS 0x000000008b400000, 0x000000008b400000| Untracked 
| 155|0x000000008b500000, 0x000000008b500000, 0x000000008b600000|  0%| F|  |TAMS 0x000000008b500000, 0x000000008b500000| Untracked 
| 156|0x000000008b600000, 0x000000008b600000, 0x000000008b700000|  0%| F|  |TAMS 0x000000008b600000, 0x000000008b600000| Untracked 
| 157|0x000000008b700000, 0x000000008b700000, 0x000000008b800000|  0%| F|  |TAMS 0x000000008b700000, 0x000000008b700000| Untracked 
| 158|0x000000008b800000, 0x000000008b800000, 0x000000008b900000|  0%| F|  |TAMS 0x000000008b800000, 0x000000008b800000| Untracked 
| 159|0x000000008b900000, 0x000000008b900000, 0x000000008ba00000|  0%| F|  |TAMS 0x000000008b900000, 0x000000008b900000| Untracked 
| 160|0x000000008ba00000, 0x000000008ba00000, 0x000000008bb00000|  0%| F|  |TAMS 0x000000008ba00000, 0x000000008ba00000| Untracked 
| 161|0x000000008bb00000, 0x000000008bb00000, 0x000000008bc00000|  0%| F|  |TAMS 0x000000008bb00000, 0x000000008bb00000| Untracked 
| 162|0x000000008bc00000, 0x000000008bc00000, 0x000000008bd00000|  0%| F|  |TAMS 0x000000008bc00000, 0x000000008bc00000| Untracked 
| 163|0x000000008bd00000, 0x000000008bd00000, 0x000000008be00000|  0%| F|  |TAMS 0x000000008bd00000, 0x000000008bd00000| Untracked 
| 164|0x000000008be00000, 0x000000008be00000, 0x000000008bf00000|  0%| F|  |TAMS 0x000000008be00000, 0x000000008be00000| Untracked 
| 165|0x000000008bf00000, 0x000000008bf00000, 0x000000008c000000|  0%| F|  |TAMS 0x000000008bf00000, 0x000000008bf00000| Untracked 
| 166|0x000000008c000000, 0x000000008c000000, 0x000000008c100000|  0%| F|  |TAMS 0x000000008c000000, 0x000000008c000000| Untracked 
| 167|0x000000008c100000, 0x000000008c100000, 0x000000008c200000|  0%| F|  |TAMS 0x000000008c100000, 0x000000008c100000| Untracked 
| 168|0x000000008c200000, 0x000000008c200000, 0x000000008c300000|  0%| F|  |TAMS 0x000000008c200000, 0x000000008c200000| Untracked 
| 169|0x000000008c300000, 0x000000008c300000, 0x000000008c400000|  0%| F|  |TAMS 0x000000008c300000, 0x000000008c300000| Untracked 
| 170|0x000000008c400000, 0x000000008c400000, 0x000000008c500000|  0%| F|  |TAMS 0x000000008c400000, 0x000000008c400000| Untracked 
| 171|0x000000008c500000, 0x000000008c500000, 0x000000008c600000|  0%| F|  |TAMS 0x000000008c500000, 0x000000008c500000| Untracked 
| 172|0x000000008c600000, 0x000000008c600000, 0x000000008c700000|  0%| F|  |TAMS 0x000000008c600000, 0x000000008c600000| Untracked 
| 173|0x000000008c700000, 0x000000008c700000, 0x000000008c800000|  0%| F|  |TAMS 0x000000008c700000, 0x000000008c700000| Untracked 
| 174|0x000000008c800000, 0x000000008c800000, 0x000000008c900000|  0%| F|  |TAMS 0x000000008c800000, 0x000000008c800000| Untracked 
| 175|0x000000008c900000, 0x000000008c900000, 0x000000008ca00000|  0%| F|  |TAMS 0x000000008c900000, 0x000000008c900000| Untracked 
| 176|0x000000008ca00000, 0x000000008ca00000, 0x000000008cb00000|  0%| F|  |TAMS 0x000000008ca00000, 0x000000008ca00000| Untracked 
| 177|0x000000008cb00000, 0x000000008cb00000, 0x000000008cc00000|  0%| F|  |TAMS 0x000000008cb00000, 0x000000008cb00000| Untracked 
| 178|0x000000008cc00000, 0x000000008cc00000, 0x000000008cd00000|  0%| F|  |TAMS 0x000000008cc00000, 0x000000008cc00000| Untracked 
| 179|0x000000008cd00000, 0x000000008cd00000, 0x000000008ce00000|  0%| F|  |TAMS 0x000000008cd00000, 0x000000008cd00000| Untracked 
| 180|0x000000008ce00000, 0x000000008ce00000, 0x000000008cf00000|  0%| F|  |TAMS 0x000000008ce00000, 0x000000008ce00000| Untracked 
| 181|0x000000008cf00000, 0x000000008cf00000, 0x000000008d000000|  0%| F|  |TAMS 0x000000008cf00000, 0x000000008cf00000| Untracked 
| 182|0x000000008d000000, 0x000000008d000000, 0x000000008d100000|  0%| F|  |TAMS 0x000000008d000000, 0x000000008d000000| Untracked 
| 183|0x000000008d100000, 0x000000008d100000, 0x000000008d200000|  0%| F|  |TAMS 0x000000008d100000, 0x000000008d100000| Untracked 
| 184|0x000000008d200000, 0x000000008d200000, 0x000000008d300000|  0%| F|  |TAMS 0x000000008d200000, 0x000000008d200000| Untracked 
| 185|0x000000008d300000, 0x000000008d300000, 0x000000008d400000|  0%| F|  |TAMS 0x000000008d300000, 0x000000008d300000| Untracked 
| 186|0x000000008d400000, 0x000000008d400000, 0x000000008d500000|  0%| F|  |TAMS 0x000000008d400000, 0x000000008d400000| Untracked 
| 187|0x000000008d500000, 0x000000008d500000, 0x000000008d600000|  0%| F|  |TAMS 0x000000008d500000, 0x000000008d500000| Untracked 
| 188|0x000000008d600000, 0x000000008d600000, 0x000000008d700000|  0%| F|  |TAMS 0x000000008d600000, 0x000000008d600000| Untracked 
| 189|0x000000008d700000, 0x000000008d700000, 0x000000008d800000|  0%| F|  |TAMS 0x000000008d700000, 0x000000008d700000| Untracked 
| 190|0x000000008d800000, 0x000000008d800000, 0x000000008d900000|  0%| F|  |TAMS 0x000000008d800000, 0x000000008d800000| Untracked 
| 191|0x000000008d900000, 0x000000008d900000, 0x000000008da00000|  0%| F|  |TAMS 0x000000008d900000, 0x000000008d900000| Untracked 
| 192|0x000000008da00000, 0x000000008da00000, 0x000000008db00000|  0%| F|  |TAMS 0x000000008da00000, 0x000000008da00000| Untracked 
| 193|0x000000008db00000, 0x000000008db00000, 0x000000008dc00000|  0%| F|  |TAMS 0x000000008db00000, 0x000000008db00000| Untracked 
| 194|0x000000008dc00000, 0x000000008dc00000, 0x000000008dd00000|  0%| F|  |TAMS 0x000000008dc00000, 0x000000008dc00000| Untracked 
| 195|0x000000008dd00000, 0x000000008dd00000, 0x000000008de00000|  0%| F|  |TAMS 0x000000008dd00000, 0x000000008dd00000| Untracked 
| 196|0x000000008de00000, 0x000000008de00000, 0x000000008df00000|  0%| F|  |TAMS 0x000000008de00000, 0x000000008de00000| Untracked 
| 197|0x000000008df00000, 0x000000008df00000, 0x000000008e000000|  0%| F|  |TAMS 0x000000008df00000, 0x000000008df00000| Untracked 
| 198|0x000000008e000000, 0x000000008e000000, 0x000000008e100000|  0%| F|  |TAMS 0x000000008e000000, 0x000000008e000000| Untracked 
| 199|0x000000008e100000, 0x000000008e100000, 0x000000008e200000|  0%| F|  |TAMS 0x000000008e100000, 0x000000008e100000| Untracked 
| 200|0x000000008e200000, 0x000000008e2eca00, 0x000000008e300000| 92%| E|  |TAMS 0x000000008e200000, 0x000000008e200000| Complete 
| 201|0x000000008e300000, 0x000000008e400000, 0x000000008e400000|100%| E|CS|TAMS 0x000000008e300000, 0x000000008e300000| Complete 

Card table byte_map: [0x000000001a540000,0x000000001a940000] _byte_map_base: 0x000000001a133000

Marking Bits (Prev, Next): (CMBitMap*) 0x000000000026fc88, (CMBitMap*) 0x000000000026fcc0
 Prev Bits: [0x000000001ad40000, 0x000000001ccd8000)
 Next Bits: [0x000000001cce0000, 0x000000001ec78000)

Polling page: 0x0000000000430000

Metaspace:

Usage:
  Non-class:     12.33 MB capacity,    12.19 MB ( 99%) used,   125.08 KB ( <1%) free+waste,    19.56 KB ( <1%) overhead. 
      Class:      1.30 MB capacity,     1.24 MB ( 95%) used,    59.49 KB (  4%) free+waste,     8.56 KB ( <1%) overhead. 
       Both:     13.63 MB capacity,    13.42 MB ( 98%) used,   184.57 KB (  1%) free+waste,    28.13 KB ( <1%) overhead. 

Virtual space:
  Non-class space:       14.00 MB reserved,      12.50 MB ( 89%) committed 
      Class space:        1.00 GB reserved,       1.38 MB ( <1%) committed 
             Both:        1.01 GB reserved,      13.88 MB (  1%) committed 

Chunk freelists:
   Non-Class:  5.88 KB
       Class:  1.25 KB
        Both:  7.13 KB

CodeHeap 'non-profiled nmethods': size=120064Kb used=1058Kb max_used=1058Kb free=119005Kb
 bounds [0x0000000012510000, 0x0000000012780000, 0x0000000019a50000]
CodeHeap 'profiled nmethods': size=120000Kb used=3856Kb max_used=3856Kb free=116144Kb
 bounds [0x000000000afe0000, 0x000000000b3b0000, 0x0000000012510000]
CodeHeap 'non-nmethods': size=5696Kb used=1166Kb max_used=1182Kb free=4529Kb
 bounds [0x000000000aa50000, 0x000000000acc0000, 0x000000000afe0000]
 total_blobs=2841 nmethods=1734 adapters=433
 compilation: enabled
              stopped_count=0, restarted_count=0
 full_count=0

Compilation events (10 events):
Event: 42.770 Thread 0x00000000620cf000 1740       3       java.util.HashMap::clear (50 bytes)
Event: 42.770 Thread 0x00000000620cf000 nmethod 1740 0x000000000b3a2c10 code [0x000000000b3a2de0, 0x000000000b3a31f8]
Event: 43.639 Thread 0x00000000620cf000 1741       3       org.bytedeco.javacpp.Pointer::<init> (105 bytes)
Event: 43.640 Thread 0x00000000620cf000 nmethod 1741 0x000000000b3a3310 code [0x000000000b3a3540, 0x000000000b3a4000]
Event: 43.640 Thread 0x00000000620c5800 1742       4       java.util.Arrays::fill (21 bytes)
Event: 43.643 Thread 0x00000000620c5800 nmethod 1742 0x0000000012618490 code [0x0000000012618620, 0x0000000012618758]
Event: 44.023 Thread 0x00000000620c5800 1743       4       javax.imageio.stream.ImageInputStreamImpl::checkClosed (18 bytes)
Event: 44.023 Thread 0x00000000620c5800 nmethod 1743 0x0000000012618890 code [0x0000000012618a20, 0x0000000012618a98]
Event: 44.414 Thread 0x00000000620cf000 1744       3       java.lang.ref.ReferenceQueue::remove (6 bytes)
Event: 44.415 Thread 0x00000000620cf000 nmethod 1744 0x000000000b3a4290 code [0x000000000b3a4440, 0x000000000b3a4650]

GC Heap History (10 events):
Event: 18.567 GC heap before
{Heap before GC invocations=48 (full 0):
 garbage-first heap   total 206848K, used 126792K [0x0000000081a00000, 0x0000000100000000)
  region size 1024K, 121 young (123904K), 1 survivors (1024K)
 Metaspace       used 10805K, capacity 10926K, committed 11008K, reserved 1058816K
  class space    used 945K, capacity 997K, committed 1024K, reserved 1048576K
}
Event: 18.568 GC heap after
{Heap after GC invocations=49 (full 0):
 garbage-first heap   total 206848K, used 3925K [0x0000000081a00000, 0x0000000100000000)
  region size 1024K, 1 young (1024K), 1 survivors (1024K)
 Metaspace       used 10805K, capacity 10926K, committed 11008K, reserved 1058816K
  class space    used 945K, capacity 997K, committed 1024K, reserved 1048576K
}
Event: 18.672 GC heap before
{Heap before GC invocations=49 (full 0):
 garbage-first heap   total 206848K, used 126805K [0x0000000081a00000, 0x0000000100000000)
  region size 1024K, 121 young (123904K), 1 survivors (1024K)
 Metaspace       used 10805K, capacity 10926K, committed 11008K, reserved 1058816K
  class space    used 945K, capacity 997K, committed 1024K, reserved 1048576K
}
Event: 18.672 GC heap after
{Heap after GC invocations=50 (full 0):
 garbage-first heap   total 206848K, used 3928K [0x0000000081a00000, 0x0000000100000000)
  region size 1024K, 1 young (1024K), 1 survivors (1024K)
 Metaspace       used 10805K, capacity 10926K, committed 11008K, reserved 1058816K
  class space    used 945K, capacity 997K, committed 1024K, reserved 1048576K
}
Event: 21.697 GC heap before
{Heap before GC invocations=50 (full 0):
 garbage-first heap   total 206848K, used 155480K [0x0000000081a00000, 0x0000000100000000)
  region size 1024K, 121 young (123904K), 1 survivors (1024K)
 Metaspace       used 13609K, capacity 13831K, committed 13952K, reserved 1062912K
  class space    used 1261K, capacity 1334K, committed 1408K, reserved 1048576K
}
Event: 21.698 GC heap after
{Heap after GC invocations=51 (full 0):
 garbage-first heap   total 206848K, used 5658K [0x0000000081a00000, 0x0000000100000000)
  region size 1024K, 1 young (1024K), 1 survivors (1024K)
 Metaspace       used 13609K, capacity 13831K, committed 13952K, reserved 1062912K
  class space    used 1261K, capacity 1334K, committed 1408K, reserved 1048576K
}
Event: 30.994 GC heap before
{Heap before GC invocations=51 (full 0):
 garbage-first heap   total 206848K, used 199194K [0x0000000081a00000, 0x0000000100000000)
  region size 1024K, 105 young (107520K), 1 survivors (1024K)
 Metaspace       used 13651K, capacity 13831K, committed 13952K, reserved 1062912K
  class space    used 1261K, capacity 1334K, committed 1408K, reserved 1048576K
}
Event: 30.996 GC heap after
{Heap after GC invocations=52 (full 0):
 garbage-first heap   total 206848K, used 5118K [0x0000000081a00000, 0x0000000100000000)
  region size 1024K, 2 young (2048K), 2 survivors (2048K)
 Metaspace       used 13651K, capacity 13831K, committed 13952K, reserved 1062912K
  class space    used 1261K, capacity 1334K, committed 1408K, reserved 1048576K
}
Event: 44.412 GC heap before
{Heap before GC invocations=53 (full 0):
 garbage-first heap   total 206848K, used 199678K [0x0000000081a00000, 0x0000000100000000)
  region size 1024K, 106 young (108544K), 2 survivors (2048K)
 Metaspace       used 13745K, capacity 13959K, committed 14208K, reserved 1062912K
  class space    used 1265K, capacity 1334K, committed 1408K, reserved 1048576K
}
Event: 44.414 GC heap after
{Heap after GC invocations=54 (full 0):
 garbage-first heap   total 206848K, used 5176K [0x0000000081a00000, 0x0000000100000000)
  region size 1024K, 2 young (2048K), 2 survivors (2048K)
 Metaspace       used 13745K, capacity 13959K, committed 14208K, reserved 1062912K
  class space    used 1265K, capacity 1334K, committed 1408K, reserved 1048576K
}

Deoptimization events (10 events):
Event: 18.798 Thread 0x000000006510c800 Uncommon trap: reason=speculate_null_assert action=make_not_entrant pc=0x00000000125abc04 method=jdk.internal.loader.BuiltinClassLoader.findResource(Ljava/lang/String;)Ljava/net/URL; @ 19 c2
Event: 18.837 Thread 0x000000006510c800 Uncommon trap: reason=unstable_if action=reinterpret pc=0x00000000125aace8 method=java.lang.String.substring(I)Ljava/lang/String; @ 34 c2
Event: 18.902 Thread 0x000000006510c800 Uncommon trap: reason=unstable_if action=reinterpret pc=0x00000000125b9dcc method=sun.nio.fs.WindowsPathParser.normalize(Ljava/lang/StringBuilder;Ljava/lang/String;I)Ljava/lang/String; @ 100 c2
Event: 18.914 Thread 0x000000006510c800 Uncommon trap: reason=unstable_if action=reinterpret pc=0x000000001253e720 method=java.lang.String.startsWith(Ljava/lang/String;I)Z @ 1 c2
Event: 18.917 Thread 0x000000006510c800 Uncommon trap: reason=bimorphic_or_optimized_type_check action=maybe_recompile pc=0x0000000012535ea4 method=java.util.HashMap.getNode(ILjava/lang/Object;)Ljava/util/HashMap$Node; @ 126 c2
Event: 18.917 Thread 0x000000006510c800 Uncommon trap: reason=bimorphic_or_optimized_type_check action=maybe_recompile pc=0x0000000012535ea4 method=java.util.HashMap.getNode(ILjava/lang/Object;)Ljava/util/HashMap$Node; @ 126 c2
Event: 18.917 Thread 0x000000006510c800 Uncommon trap: reason=bimorphic_or_optimized_type_check action=maybe_recompile pc=0x0000000012535ea4 method=java.util.HashMap.getNode(ILjava/lang/Object;)Ljava/util/HashMap$Node; @ 126 c2
Event: 18.917 Thread 0x000000006510c800 Uncommon trap: reason=bimorphic_or_optimized_type_check action=maybe_recompile pc=0x0000000012535ea4 method=java.util.HashMap.getNode(ILjava/lang/Object;)Ljava/util/HashMap$Node; @ 126 c2
Event: 19.004 Thread 0x000000006510c800 Uncommon trap: reason=unstable_if action=reinterpret pc=0x00000000125ef848 method=java.lang.StringCoding.encodeUTF8(B[BZ)[B @ 18 c2
Event: 19.096 Thread 0x000000006510c800 Uncommon trap: reason=unstable_if action=reinterpret pc=0x00000000125e9848 method=org.bytedeco.javacv.Java2DFrameConverter.flipCopyWithGamma(Ljava/nio/ByteBuffer;IILjava/nio/ByteBuffer;IIZDZI)V @ 46 c2

Classes redefined (0 events):
No events

Internal exceptions (10 events):
Event: 18.836 Thread 0x000000006510c800 Exception <a 'java/lang/NoSuchMethodError'{0x0000000088d30b28}: java.lang.invoke.DelegatingMethodHandle$Holder.reinvoke_L(Ljava/lang/Object;IILjava/lang/Object;Ljava/lang/Object;Ljava/lang/Object;)Ljava/lang/Object;> (0x0000000088d30b28) thrown at [t:/wor
Event: 18.837 Thread 0x000000006510c800 Exception <a 'java/lang/NoSuchMethodError'{0x0000000088d34eb0}: java.lang.invoke.DirectMethodHandle$Holder.invokeStatic(Ljava/lang/Object;Ljava/lang/Object;Ljava/lang/Object;Ljava/lang/Object;I)Ljava/lang/Object;> (0x0000000088d34eb0) thrown at [t:/worksp
Event: 18.848 Thread 0x000000006510c800 Exception <a 'java/io/FileNotFoundException'{0x0000000088d97c48}> (0x0000000088d97c48) thrown at [t:/workspace/open/src/hotspot/share/prims/jni.cpp, line 615]
Event: 18.921 Thread 0x000000006510c800 Exception <a 'java/lang/NoSuchMethodError'{0x0000000088c46008}: java.lang.invoke.DirectMethodHandle$Holder.invokeStatic(Ljava/lang/Object;IIII)Ljava/lang/Object;> (0x0000000088c46008) thrown at [t:/workspace/open/src/hotspot/share/interpreter/linkResolver
Event: 18.921 Thread 0x000000006510c800 Exception <a 'java/lang/NoSuchMethodError'{0x0000000088c49120}: java.lang.invoke.DirectMethodHandle$Holder.invokeStaticInit(Ljava/lang/Object;IIII)Ljava/lang/Object;> (0x0000000088c49120) thrown at [t:/workspace/open/src/hotspot/share/interpreter/linkReso
Event: 19.015 Thread 0x000000006510c800 Exception <a 'java/lang/NoSuchMethodError'{0x0000000088cf22b8}: java.lang.invoke.DirectMethodHandle$Holder.invokeStatic(Ljava/lang/Object;Ljava/lang/Object;IIII)Ljava/lang/Object;> (0x0000000088cf22b8) thrown at [t:/workspace/open/src/hotspot/share/interp
Event: 19.016 Thread 0x000000006510c800 Exception <a 'java/lang/NoSuchMethodError'{0x0000000088cf5600}: java.lang.invoke.DirectMethodHandle$Holder.invokeStaticInit(Ljava/lang/Object;Ljava/lang/Object;IIII)Ljava/lang/Object;> (0x0000000088cf5600) thrown at [t:/workspace/open/src/hotspot/share/in
Event: 34.713 Thread 0x000000006510c800 Exception <a 'java/lang/InterruptedException'{0x000000008c07d068}: sleep interrupted> (0x000000008c07d068) thrown at [t:/workspace/open/src/hotspot/share/prims/jvm.cpp, line 3117]
Event: 40.988 Thread 0x000000006510c800 Exception <a 'java/lang/InterruptedException'{0x0000000089061f98}: sleep interrupted> (0x0000000089061f98) thrown at [t:/workspace/open/src/hotspot/share/prims/jvm.cpp, line 3117]
Event: 42.796 Thread 0x000000006510c800 Exception <a 'java/lang/InterruptedException'{0x00000000887fb820}: sleep interrupted> (0x00000000887fb820) thrown at [t:/workspace/open/src/hotspot/share/prims/jvm.cpp, line 3117]

Events (10 events):
Event: 42.797 Executing VM operation: RevokeBias
Event: 42.797 Executing VM operation: RevokeBias done
Event: 42.797 Thread 0x000000006510c800 Thread exited: 0x000000006510c800
Event: 43.397 Thread 0x000000006510c800 Thread added: 0x000000006510c800
Event: 44.412 Executing VM operation: G1CollectForAllocation
Event: 44.414 Executing VM operation: G1CollectForAllocation done
Event: 44.419 Executing VM operation: CGC_Operation
Event: 44.420 Executing VM operation: CGC_Operation done
Event: 44.421 Executing VM operation: CGC_Operation
Event: 44.421 Executing VM operation: CGC_Operation done


Dynamic libraries:
0x000000013f290000 - 0x000000013f2d5000 	C:\Program Files\jdk-11.0.2\bin\java.exe
0x0000000077420000 - 0x00000000775bf000 	C:\Windows\SYSTEM32\ntdll.dll
0x0000000077200000 - 0x000000007731f000 	C:\Windows\system32\kernel32.dll
0x000007fefd020000 - 0x000007fefd087000 	C:\Windows\system32\KERNELBASE.dll
0x0000000077320000 - 0x000000007741a000 	C:\Windows\system32\USER32.dll
0x000007fefde70000 - 0x000007fefded7000 	C:\Windows\system32\GDI32.dll
0x000007fefd730000 - 0x000007fefd73e000 	C:\Windows\system32\LPK.dll
0x000007fefe880000 - 0x000007fefe94b000 	C:\Windows\system32\USP10.dll
0x000007fefe0c0000 - 0x000007fefe15f000 	C:\Windows\system32\msvcrt.dll
0x000007fefafb0000 - 0x000007fefb1a5000 	C:\Windows\WinSxS\amd64_microsoft.windows.common-controls_6595b64144ccf1df_6.0.7601.24483_none_e372d88f30fbb845\COMCTL32.dll
0x000007fefddf0000 - 0x000007fefde61000 	C:\Windows\system32\SHLWAPI.dll
0x000007fefd870000 - 0x000007fefd89e000 	C:\Windows\system32\IMM32.DLL
0x000007fefe160000 - 0x000007fefe269000 	C:\Windows\system32\MSCTF.dll
0x000007fefc1c0000 - 0x000007fefc1c3000 	C:\Windows\system32\api-ms-win-core-synch-l1-2-0.DLL
0x000007fefbef0000 - 0x000007fefbf06000 	C:\Program Files\jdk-11.0.2\bin\vcruntime140.dll
0x000007fefc0b0000 - 0x000007fefc0b4000 	C:\Program Files\jdk-11.0.2\bin\api-ms-win-crt-runtime-l1-1-0.dll
0x000007fecb2d0000 - 0x000007fecb3c6000 	C:\Program Files\jdk-11.0.2\bin\ucrtbase.DLL
0x000007fefbfd0000 - 0x000007fefbfd3000 	C:\Program Files\jdk-11.0.2\bin\api-ms-win-core-localization-l1-2-0.dll
0x000007fefc020000 - 0x000007fefc023000 	C:\Program Files\jdk-11.0.2\bin\api-ms-win-core-processthreads-l1-1-1.dll
0x000007fef9890000 - 0x000007fef9893000 	C:\Program Files\jdk-11.0.2\bin\api-ms-win-core-file-l1-2-0.dll
0x000007fefbf90000 - 0x000007fefbf93000 	C:\Program Files\jdk-11.0.2\bin\api-ms-win-core-timezone-l1-1-0.dll
0x000007fef8320000 - 0x000007fef8323000 	C:\Program Files\jdk-11.0.2\bin\api-ms-win-core-file-l2-1-0.dll
0x000007fefc0d0000 - 0x000007fefc0d4000 	C:\Program Files\jdk-11.0.2\bin\api-ms-win-crt-string-l1-1-0.dll
0x000007fefbfc0000 - 0x000007fefbfc3000 	C:\Program Files\jdk-11.0.2\bin\api-ms-win-crt-heap-l1-1-0.dll
0x000007fefbfb0000 - 0x000007fefbfb4000 	C:\Program Files\jdk-11.0.2\bin\api-ms-win-crt-stdio-l1-1-0.dll
0x000007fefbcc0000 - 0x000007fefbcc4000 	C:\Program Files\jdk-11.0.2\bin\api-ms-win-crt-convert-l1-1-0.dll
0x000007fedb8a0000 - 0x000007fedb94a000 	C:\Program Files\jdk-11.0.2\bin\msvcp140.dll
0x000007fef8870000 - 0x000007fef8873000 	C:\Program Files\jdk-11.0.2\bin\api-ms-win-crt-locale-l1-1-0.dll
0x000007fefbcb0000 - 0x000007fefbcb5000 	C:\Program Files\jdk-11.0.2\bin\api-ms-win-crt-math-l1-1-0.dll
0x000007fef8530000 - 0x000007fef8535000 	C:\Program Files\jdk-11.0.2\bin\api-ms-win-crt-multibyte-l1-1-0.dll
0x000007fefbc30000 - 0x000007fefbc33000 	C:\Program Files\jdk-11.0.2\bin\api-ms-win-crt-time-l1-1-0.dll
0x000007fef9870000 - 0x000007fef9873000 	C:\Program Files\jdk-11.0.2\bin\api-ms-win-crt-filesystem-l1-1-0.dll
0x000007fefbcd0000 - 0x000007fefbcd3000 	C:\Program Files\jdk-11.0.2\bin\api-ms-win-crt-environment-l1-1-0.dll
0x000007fefbca0000 - 0x000007fefbca3000 	C:\Program Files\jdk-11.0.2\bin\api-ms-win-crt-utility-l1-1-0.dll
0x000007fec3be0000 - 0x000007fec4703000 	C:\Program Files\jdk-11.0.2\bin\server\jvm.dll
0x000007fefe410000 - 0x000007fefe4eb000 	C:\Windows\system32\ADVAPI32.dll
0x000007fefe3f0000 - 0x000007fefe40f000 	C:\Windows\SYSTEM32\sechost.dll
0x000007fefd600000 - 0x000007fefd72c000 	C:\Windows\system32\RPCRT4.dll
0x000007fef7410000 - 0x000007fef7419000 	C:\Windows\system32\WSOCK32.dll
0x000007fefd740000 - 0x000007fefd78d000 	C:\Windows\system32\WS2_32.dll
0x000007feff6e0000 - 0x000007feff6e8000 	C:\Windows\system32\NSI.dll
0x000007fef8cc0000 - 0x000007fef8cfb000 	C:\Windows\system32\WINMM.dll
0x000007fefc1d0000 - 0x000007fefc1dc000 	C:\Windows\system32\VERSION.dll
0x00000000775c0000 - 0x00000000775c7000 	C:\Windows\system32\PSAPI.DLL
0x000007fef9810000 - 0x000007fef9821000 	C:\Program Files\jdk-11.0.2\bin\verify.dll
0x000007fee31a0000 - 0x000007fee32c5000 	C:\Windows\system32\DBGHELP.DLL
0x000007fef8740000 - 0x000007fef8768000 	C:\Program Files\jdk-11.0.2\bin\java.dll
0x000007fef8720000 - 0x000007fef8736000 	C:\Program Files\jdk-11.0.2\bin\zip.dll
0x000007fef97b0000 - 0x000007fef97ba000 	C:\Program Files\jdk-11.0.2\bin\jimage.dll
0x000007fefe950000 - 0x000007feff6db000 	C:\Windows\system32\SHELL32.dll
0x000007fefe680000 - 0x000007fefe87f000 	C:\Windows\system32\ole32.dll
0x000007fefcf80000 - 0x000007fefcf8f000 	C:\Windows\system32\profapi.dll
0x000007fef8700000 - 0x000007fef8719000 	C:\Program Files\jdk-11.0.2\bin\net.dll
0x000007fefab70000 - 0x000007fefabe1000 	C:\Windows\system32\WINHTTP.dll
0x000007fefaad0000 - 0x000007fefab34000 	C:\Windows\system32\webio.dll
0x000007fefe4f0000 - 0x000007fefe678000 	C:\Windows\system32\urlmon.dll
0x000007fefd010000 - 0x000007fefd014000 	C:\Windows\system32\api-ms-win-downlevel-ole32-l1-1-0.dll
0x000007fefd090000 - 0x000007fefd094000 	C:\Windows\system32\api-ms-win-downlevel-shlwapi-l1-1-0.dll
0x000007fefd100000 - 0x000007fefd105000 	C:\Windows\system32\api-ms-win-downlevel-advapi32-l1-1-0.dll
0x000007fefcfa0000 - 0x000007fefcfa4000 	C:\Windows\system32\api-ms-win-downlevel-user32-l1-1-0.dll
0x000007fefcf90000 - 0x000007fefcf94000 	C:\Windows\system32\api-ms-win-downlevel-version-l1-1-0.dll
0x000007fefd280000 - 0x000007fefd283000 	C:\Windows\system32\api-ms-win-downlevel-normaliz-l1-1-0.dll
0x00000000775d0000 - 0x00000000775d3000 	C:\Windows\system32\normaliz.DLL
0x000007fefd330000 - 0x000007fefd5fa000 	C:\Windows\system32\iertutil.dll
0x000007fefd8a0000 - 0x000007fefdd4c000 	C:\Windows\system32\WININET.dll
0x000007fefcff0000 - 0x000007fefd00f000 	C:\Windows\system32\USERENV.dll
0x000007fefc680000 - 0x000007fefc6d5000 	C:\Windows\system32\mswsock.dll
0x000007fefc840000 - 0x000007fefc847000 	C:\Windows\System32\wship6.dll
0x000007fef8690000 - 0x000007fef86a3000 	C:\Program Files\jdk-11.0.2\bin\nio.dll
0x000007fef9880000 - 0x000007fef9883000 	C:\Users\Margaret\.javacpp\cache\opencv-windows-x86_64.jar\org\bytedeco\opencv\windows-x86_64\api-ms-win-crt-locale-l1-1-0.dll
0x000007fef8310000 - 0x000007fef8314000 	C:\Users\Margaret\.javacpp\cache\opencv-windows-x86_64.jar\org\bytedeco\opencv\windows-x86_64\api-ms-win-crt-string-l1-1-0.dll
0x000007fef8300000 - 0x000007fef8304000 	C:\Users\Margaret\.javacpp\cache\opencv-windows-x86_64.jar\org\bytedeco\opencv\windows-x86_64\api-ms-win-crt-stdio-l1-1-0.dll
0x000007fef82f0000 - 0x000007fef82f5000 	C:\Users\Margaret\.javacpp\cache\opencv-windows-x86_64.jar\org\bytedeco\opencv\windows-x86_64\api-ms-win-crt-math-l1-1-0.dll
0x000007fef7420000 - 0x000007fef7423000 	C:\Users\Margaret\.javacpp\cache\opencv-windows-x86_64.jar\org\bytedeco\opencv\windows-x86_64\api-ms-win-crt-heap-l1-1-0.dll
0x000007fef7360000 - 0x000007fef7364000 	C:\Users\Margaret\.javacpp\cache\opencv-windows-x86_64.jar\org\bytedeco\opencv\windows-x86_64\api-ms-win-crt-runtime-l1-1-0.dll
0x000007fef7350000 - 0x000007fef7354000 	C:\Users\Margaret\.javacpp\cache\opencv-windows-x86_64.jar\org\bytedeco\opencv\windows-x86_64\api-ms-win-crt-convert-l1-1-0.dll
0x000007fef7340000 - 0x000007fef7343000 	C:\Users\Margaret\.javacpp\cache\opencv-windows-x86_64.jar\org\bytedeco\opencv\windows-x86_64\api-ms-win-crt-environment-l1-1-0.dll
0x000007fef71e0000 - 0x000007fef71e3000 	C:\Users\Margaret\.javacpp\cache\opencv-windows-x86_64.jar\org\bytedeco\opencv\windows-x86_64\api-ms-win-crt-time-l1-1-0.dll
0x000007fef71d0000 - 0x000007fef71d3000 	C:\Users\Margaret\.javacpp\cache\opencv-windows-x86_64.jar\org\bytedeco\opencv\windows-x86_64\api-ms-win-crt-filesystem-l1-1-0.dll
0x000007fef7160000 - 0x000007fef7163000 	C:\Users\Margaret\.javacpp\cache\opencv-windows-x86_64.jar\org\bytedeco\opencv\windows-x86_64\api-ms-win-crt-utility-l1-1-0.dll
0x000007fef4c60000 - 0x000007fef4c65000 	C:\Users\Margaret\.javacpp\cache\opencv-windows-x86_64.jar\org\bytedeco\opencv\windows-x86_64\api-ms-win-crt-multibyte-l1-1-0.dll
0x000007fef0690000 - 0x000007fef0693000 	C:\Users\Margaret\.javacpp\cache\opencv-windows-x86_64.jar\org\bytedeco\opencv\windows-x86_64\api-ms-win-core-string-l1-1-0.dll
0x000007fef0680000 - 0x000007fef0683000 	C:\Users\Margaret\.javacpp\cache\opencv-windows-x86_64.jar\org\bytedeco\opencv\windows-x86_64\api-ms-win-core-errorhandling-l1-1-0.dll
0x000007fef0670000 - 0x000007fef0673000 	C:\Users\Margaret\.javacpp\cache\opencv-windows-x86_64.jar\org\bytedeco\opencv\windows-x86_64\api-ms-win-core-timezone-l1-1-0.dll
0x000007fef0660000 - 0x000007fef0664000 	C:\Users\Margaret\.javacpp\cache\opencv-windows-x86_64.jar\org\bytedeco\opencv\windows-x86_64\api-ms-win-core-file-l1-1-0.dll
0x000007fef0600000 - 0x000007fef0603000 	C:\Users\Margaret\.javacpp\cache\opencv-windows-x86_64.jar\org\bytedeco\opencv\windows-x86_64\api-ms-win-core-namedpipe-l1-1-0.dll
0x000007fef05f0000 - 0x000007fef05f3000 	C:\Users\Margaret\.javacpp\cache\opencv-windows-x86_64.jar\org\bytedeco\opencv\windows-x86_64\api-ms-win-core-handle-l1-1-0.dll
0x000007fef05e0000 - 0x000007fef05e3000 	C:\Users\Margaret\.javacpp\cache\opencv-windows-x86_64.jar\org\bytedeco\opencv\windows-x86_64\api-ms-win-core-file-l2-1-0.dll
0x000007fef04c0000 - 0x000007fef04c3000 	C:\Users\Margaret\.javacpp\cache\opencv-windows-x86_64.jar\org\bytedeco\opencv\windows-x86_64\api-ms-win-core-heap-l1-1-0.dll
0x000007feea2f0000 - 0x000007feea2f3000 	C:\Users\Margaret\.javacpp\cache\opencv-windows-x86_64.jar\org\bytedeco\opencv\windows-x86_64\api-ms-win-core-libraryloader-l1-1-0.dll
0x000007feea2c0000 - 0x000007feea2c3000 	C:\Users\Margaret\.javacpp\cache\opencv-windows-x86_64.jar\org\bytedeco\opencv\windows-x86_64\api-ms-win-core-synch-l1-1-0.dll
0x000007feea2b0000 - 0x000007feea2b3000 	C:\Users\Margaret\.javacpp\cache\opencv-windows-x86_64.jar\org\bytedeco\opencv\windows-x86_64\api-ms-win-core-processthreads-l1-1-0.dll
0x000007feea250000 - 0x000007feea253000 	C:\Users\Margaret\.javacpp\cache\opencv-windows-x86_64.jar\org\bytedeco\opencv\windows-x86_64\api-ms-win-core-processenvironment-l1-1-0.dll
0x000007feea240000 - 0x000007feea243000 	C:\Users\Margaret\.javacpp\cache\opencv-windows-x86_64.jar\org\bytedeco\opencv\windows-x86_64\api-ms-win-core-datetime-l1-1-0.dll
0x000007feea230000 - 0x000007feea233000 	C:\Users\Margaret\.javacpp\cache\opencv-windows-x86_64.jar\org\bytedeco\opencv\windows-x86_64\api-ms-win-core-localization-l1-2-0.dll
0x000007feea220000 - 0x000007feea223000 	C:\Users\Margaret\.javacpp\cache\opencv-windows-x86_64.jar\org\bytedeco\opencv\windows-x86_64\api-ms-win-core-sysinfo-l1-1-0.dll
0x000007feea210000 - 0x000007feea213000 	C:\Users\Margaret\.javacpp\cache\opencv-windows-x86_64.jar\org\bytedeco\opencv\windows-x86_64\api-ms-win-core-synch-l1-2-0.dll
0x000007feea200000 - 0x000007feea203000 	C:\Users\Margaret\.javacpp\cache\opencv-windows-x86_64.jar\org\bytedeco\opencv\windows-x86_64\api-ms-win-core-console-l1-1-0.dll
0x000007feea1f0000 - 0x000007feea1f3000 	C:\Users\Margaret\.javacpp\cache\opencv-windows-x86_64.jar\org\bytedeco\opencv\windows-x86_64\api-ms-win-core-debug-l1-1-0.dll
0x000007feea1e0000 - 0x000007feea1e3000 	C:\Users\Margaret\.javacpp\cache\opencv-windows-x86_64.jar\org\bytedeco\opencv\windows-x86_64\api-ms-win-core-rtlsupport-l1-1-0.dll
0x000007feea1d0000 - 0x000007feea1d3000 	C:\Users\Margaret\.javacpp\cache\opencv-windows-x86_64.jar\org\bytedeco\opencv\windows-x86_64\api-ms-win-core-processthreads-l1-1-1.dll
0x000007feea1c0000 - 0x000007feea1c3000 	C:\Users\Margaret\.javacpp\cache\opencv-windows-x86_64.jar\org\bytedeco\opencv\windows-x86_64\api-ms-win-core-file-l1-2-0.dll
0x000007feea1b0000 - 0x000007feea1b3000 	C:\Users\Margaret\.javacpp\cache\opencv-windows-x86_64.jar\org\bytedeco\opencv\windows-x86_64\api-ms-win-core-profile-l1-1-0.dll
0x000007feea1a0000 - 0x000007feea1a3000 	C:\Users\Margaret\.javacpp\cache\opencv-windows-x86_64.jar\org\bytedeco\opencv\windows-x86_64\api-ms-win-core-memory-l1-1-0.dll
0x000007feea0f0000 - 0x000007feea0f3000 	C:\Users\Margaret\.javacpp\cache\opencv-windows-x86_64.jar\org\bytedeco\opencv\windows-x86_64\api-ms-win-core-util-l1-1-0.dll
0x000007feea0e0000 - 0x000007feea0e3000 	C:\Users\Margaret\.javacpp\cache\opencv-windows-x86_64.jar\org\bytedeco\opencv\windows-x86_64\api-ms-win-core-interlocked-l1-1-0.dll
0x000007fecd830000 - 0x000007fecd925000 	C:\Users\Margaret\.javacpp\cache\opencv-windows-x86_64.jar\org\bytedeco\opencv\windows-x86_64\ucrtbase.dll
0x000007feea0c0000 - 0x000007feea0d7000 	C:\Users\Margaret\.javacpp\cache\opencv-windows-x86_64.jar\org\bytedeco\opencv\windows-x86_64\vcruntime140.dll
0x000007feccbe0000 - 0x000007feccc7d000 	C:\Users\Margaret\.javacpp\cache\opencv-windows-x86_64.jar\org\bytedeco\opencv\windows-x86_64\msvcp140.dll
0x000007fedb840000 - 0x000007fedb891000 	C:\Users\Margaret\.javacpp\cache\opencv-windows-x86_64.jar\org\bytedeco\opencv\windows-x86_64\concrt140.dll
0x000007feea070000 - 0x000007feea09e000 	C:\Users\Margaret\.javacpp\cache\opencv-windows-x86_64.jar\org\bytedeco\opencv\windows-x86_64\vcomp140.dll
0x000007fec1d40000 - 0x000007fec20d1000 	C:\Users\Margaret\.javacpp\cache\opencv-windows-x86_64.jar\org\bytedeco\opencv\windows-x86_64\opencv_core401.dll
0x000007fec18f0000 - 0x000007fec1d37000 	C:\Users\Margaret\.javacpp\cache\opencv-windows-x86_64.jar\org\bytedeco\opencv\windows-x86_64\opencv_imgproc401.dll
0x000007fec1550000 - 0x000007fec18e2000 	C:\Users\Margaret\.javacpp\cache\opencv-windows-x86_64.jar\org\bytedeco\opencv\windows-x86_64\jniopencv_core.dll
0x000007feca330000 - 0x000007feca495000 	C:\Users\Margaret\.javacpp\cache\opencv-windows-x86_64.jar\org\bytedeco\opencv\windows-x86_64\jniopencv_imgproc.dll
0x000007fec1260000 - 0x000007fec1549000 	C:\Users\Margaret\.javacpp\cache\opencv-windows-x86_64.jar\org\bytedeco\opencv\windows-x86_64\opencv_imgcodecs401.dll
0x000007fee2b40000 - 0x000007fee2b70000 	C:\Users\Margaret\.javacpp\cache\opencv-windows-x86_64.jar\org\bytedeco\opencv\windows-x86_64\jniopencv_imgcodecs.dll
0x000007fed8370000 - 0x000007fed83ec000 	C:\Users\Margaret\.javacpp\cache\opencv-windows-x86_64.jar\org\bytedeco\opencv\windows-x86_64\opencv_videoio401.dll
0x000007fefe310000 - 0x000007fefe3eb000 	C:\Windows\system32\OLEAUT32.dll
0x000007fef0930000 - 0x000007fef099d000 	C:\Windows\system32\MFPlat.DLL
0x000007fefb1b0000 - 0x000007fefb1b9000 	C:\Windows\system32\AVRT.dll
0x000007fee2730000 - 0x000007fee2b21000 	C:\Windows\system32\MF.dll
0x000007fefa350000 - 0x000007fefa369000 	C:\Windows\system32\ATL.DLL
0x0000000070560000 - 0x0000000070566000 	C:\Windows\system32\ksuser.dll
0x000007fed7e10000 - 0x000007fed7e52000 	C:\Windows\system32\MFReadWrite.dll
0x000007fedacb0000 - 0x000007fedacd0000 	C:\Users\Margaret\.javacpp\cache\opencv-windows-x86_64.jar\org\bytedeco\opencv\windows-x86_64\jniopencv_videoio.dll
0x000007fefce10000 - 0x000007fefce1f000 	C:\Windows\system32\CRYPTBASE.dll
0x000007fefdd50000 - 0x000007fefdde9000 	C:\Windows\system32\CLBCatQ.DLL

dbghelp: loaded successfully - version: 4.0.5 - missing functions: none
symbol engine: initialized successfully - sym options: 0x614 - pdb path: .;C:\Program Files\jdk-11.0.2\bin;C:\Windows\SYSTEM32;C:\Windows\WinSxS\amd64_microsoft.windows.common-controls_6595b64144ccf1df_6.0.7601.24483_none_e372d88f30fbb845;C:\Program Files\jdk-11.0.2\bin\server;C:\Users\Margaret\.javacpp\cache\opencv-windows-x86_64.jar\org\bytedeco\opencv\windows-x86_64;C:\Windows\WinSxS\amd64_microsoft.windows.gdiplus_6595b64144ccf1df_1.1.7601.24494_none_145eb4f68b8d650b

VM Arguments:
jvm_args: -Dfile.encoding=UTF-8 
java_command: radionoiseplayer.RadioNoisePlayer
java_class_path (initial): D:\programs\netbeans 10\Libraries\JavaCV\artoolkitplus-android-arm.jar;D:\programs\netbeans 10\Libraries\JavaCV\artoolkitplus-android-arm64.jar;D:\programs\netbeans 10\Libraries\JavaCV\artoolkitplus-android-x86.jar;D:\programs\netbeans 10\Libraries\JavaCV\artoolkitplus-android-x86_64.jar;D:\programs\netbeans 10\Libraries\JavaCV\artoolkitplus-linux-armhf.jar;D:\programs\netbeans 10\Libraries\JavaCV\artoolkitplus-linux-ppc64le.jar;D:\programs\netbeans 10\Libraries\JavaCV\artoolkitplus-linux-x86.jar;D:\programs\netbeans 10\Libraries\JavaCV\artoolkitplus-linux-x86_64.jar;D:\programs\netbeans 10\Libraries\JavaCV\artoolkitplus-macosx-x86_64.jar;D:\programs\netbeans 10\Libraries\JavaCV\artoolkitplus-platform.jar;D:\programs\netbeans 10\Libraries\JavaCV\artoolkitplus-windows-x86.jar;D:\programs\netbeans 10\Libraries\JavaCV\artoolkitplus-windows-x86_64.jar;D:\programs\netbeans 10\Libraries\JavaCV\artoolkitplus.jar;D:\programs\netbeans 10\Libraries\JavaCV\ffmpeg-android-arm.jar;D:\programs\netbeans 10\Libraries\JavaCV\ffmpeg-android-arm64.jar;D:\programs\netbeans 10\Libraries\JavaCV\ffmpeg-android-x86.jar;D:\programs\netbeans 10\Libraries\JavaCV\ffmpeg-android-x86_64.jar;D:\programs\netbeans 10\Libraries\JavaCV\ffmpeg-linux-armhf.jar;D:\programs\netbeans 10\Libraries\JavaCV\ffmpeg-linux-ppc64le.jar;D:\programs\netbeans 10\Libraries\JavaCV\ffmpeg-linux-x86.jar;D:\programs\netbeans 10\Libraries\JavaCV\ffmpeg-linux-x86_64.jar;D:\programs\netbeans 10\Libraries\JavaCV\ffmpeg-macosx-x86_64.jar;D:\programs\netbeans 10\Libraries\JavaCV\ffmpeg-platform.jar;D:\programs\netbeans 10\Libraries\JavaCV\ffmpeg-windows-x86.jar;D:\programs\netbeans 10\Libraries\JavaCV\ffmpeg-windows-x86_64.jar;D:\programs\netbeans 10\Libraries\JavaCV\ffmpeg.jar;D:\programs\netbeans 10\Libraries\JavaCV\flandmark-android-arm.jar;D:\programs\netbeans 10\Libraries\JavaCV\flandmark-android-arm64.jar;D:\programs\netbeans 10\Libraries\JavaCV\flandmark-android-x86.jar;D:\programs\netbeans 
Launcher Type: SUN_STANDARD

[Global flags]
     intx CICompilerCount                          = 3                                         {product} {ergonomic}
     uint ConcGCThreads                            = 1                                         {product} {ergonomic}
     uint G1ConcRefinementThreads                  = 4                                         {product} {ergonomic}
   size_t G1HeapRegionSize                         = 1048576                                   {product} {ergonomic}
    uintx GCDrainStackTargetSize                   = 64                                        {product} {ergonomic}
   size_t InitialHeapSize                          = 134217728                                 {product} {ergonomic}
   size_t MarkStackSize                            = 4194304                                   {product} {ergonomic}
   size_t MaxHeapSize                              = 2120220672                                {product} {ergonomic}
   size_t MaxNewSize                               = 1271922688                                {product} {ergonomic}
   size_t MinHeapDeltaBytes                        = 1048576                                   {product} {ergonomic}
    uintx NonNMethodCodeHeapSize                   = 5830092                                {pd product} {ergonomic}
    uintx NonProfiledCodeHeapSize                  = 122914074                              {pd product} {ergonomic}
    uintx ProfiledCodeHeapSize                     = 122914074                              {pd product} {ergonomic}
    uintx ReservedCodeCacheSize                    = 251658240                              {pd product} {ergonomic}
     bool SegmentedCodeCache                       = true                                      {product} {ergonomic}
     bool UseCompressedClassPointers               = true                                 {lp64_product} {ergonomic}
     bool UseCompressedOops                        = true                                 {lp64_product} {ergonomic}
     bool UseG1GC                                  = true                                      {product} {ergonomic}
     bool UseLargePagesIndividualAllocation        = false                                  {pd product} {ergonomic}

Logging:
Log output configuration:
 #0: stdout all=warning uptime,level,tags
 #1: stderr all=off uptime,level,tags

Environment Variables:
JAVA_HOME=C:\Program Files\Java\jdk1.8.0_221
PATH=D:\programs\CUDA\DEV\bin;D:\programs\CUDA\DEV\libnvvp;C:\Program Files (x86)\Common Files\Oracle\Java\javapath;C:\Program Files (x86)\Common Files\Intel\Shared Libraries\redist\intel64\compiler;C:\Windows\system32;C:\Windows;C:\Windows\System32\Wbem;C:\Windows\System32\WindowsPowerShell\v1.0\;C:\Program Files (x86)\NVIDIA Corporation\PhysX\Common;C:\Program Files\Microsoft SQL Server\Client SDK\ODBC\110\Tools\Binn\;C:\Program Files (x86)\Microsoft SQL Server\120\Tools\Binn\;C:\Program Files\Microsoft SQL Server\120\Tools\Binn\;C:\Program Files\Microsoft SQL Server\120\DTS\Binn\;D:\programs\Git\cmd;D:\programs\Git\mingw64\bin;D:\programs\Git\usr\bin;D:\programs\Putty\;C:\Program Files\jdk-11.0.2\bin;C:\Program Files\NVIDIA Corporation\NVIDIA NvDLISR;C:\Program Files\CMake\bin;C:\Program Files\MATLAB\R2019a\bin;D:\programs\Cracklock\Bin;D:\programs\Fiddler;C:\MinGW\bin;C:\Users\Margaret\AppData\Local\Programs\Python\Python37-32\Lib;D:\programs\DrMemory\bin;D:\programs\texlive\2019\bin\win32
USERNAME=Margaret
OS=Windows_NT
PROCESSOR_IDENTIFIER=Intel64 Family 6 Model 58 Stepping 9, GenuineIntel



---------------  S Y S T E M  ---------------

OS: Windows 7 , 64 bit Build 7601 (6.1.7601.24499)

CPU:total 4 (initial active 4) (4 cores per cpu, 1 threads per core) family 6 model 58 stepping 9, cmov, cx8, fxsr, mmx, sse, sse2, sse3, ssse3, sse4.1, sse4.2, popcnt, avx, aes, clmul, erms, tsc, tscinvbit, tscinv

Memory: 4k page, system-wide physical 8082M (722M free)
TotalPageFile size 16163M (AvailPageFile size 5575M)
current process WorkingSet (physical memory assigned to process): 280M, peak: 287M
current process commit charge ("private bytes"): 318M, peak: 327M

vm_info: OpenJDK 64-Bit Server VM (11.0.2+9) for windows-amd64 JRE (11.0.2+9), built on Jan 18 2019 05:23:22 by "mach5one" with MS VC++ 15.5 (VS2017)

END.
